02.10.2018 11:47:09 - Соединение с svc_Dict.exe устанавливается
02.10.2018 11:47:09 - Соединение с svc_Dict.exe - ОК
02.10.2018 11:52:09 - Соединение с svc_Dict.exe устанавливается
02.10.2018 11:52:09 - Соединение с svc_Dict.exe - ОК
02.10.2018 11:52:09 - Соединение с UNFilterApp.exe устанавливается
02.10.2018 11:52:09 - Соединение с UNFilterApp.exe - ОК
02.10.2018 11:52:09 - Уставновка имени СУБД - ACS_MBase
02.10.2018 11:52:09 - Уставновка имени СУБД - ОК
02.10.2018 11:52:09 - Проверка пароля svc_Dict.exe
02.10.2018 11:52:32 - Проверка пароля UNFilterApp.exe
02.10.2018 11:52:32 - Проверка пароля UNFilterApp.exe - ОК
02.10.2018 11:53:07 - Соединение с svc_Dict.exe устанавливается
02.10.2018 11:53:08 - Соединение с svc_Dict.exe - ОК
02.10.2018 11:53:08 - Соединение с UNFilterApp.exe устанавливается
02.10.2018 11:53:08 - Соединение с UNFilterApp.exe - ОК
02.10.2018 11:53:08 - Уставновка имени СУБД - ACS_MBase
02.10.2018 11:53:08 - Уставновка имени СУБД - ОК
02.10.2018 11:53:11 - Проверка пароля svc_Dict.exe
02.10.2018 11:54:16 - Соединение с svc_Dict.exe устанавливается
02.10.2018 11:54:16 - Соединение с svc_Dict.exe - ОК
02.10.2018 11:54:16 - Соединение с UNFilterApp.exe устанавливается
02.10.2018 11:54:17 - Соединение с UNFilterApp.exe - ОК
02.10.2018 11:54:17 - Уставновка имени СУБД - ACS_MBase
02.10.2018 11:54:17 - Уставновка имени СУБД - ОК
02.10.2018 11:54:18 - Проверка пароля svc_Dict.exe
02.10.2018 11:54:20 - Проверка пароля svc_Dict.exe - ОК
02.10.2018 11:54:21 - Проверка пароля UNFilterApp.exe
02.10.2018 11:54:21 - Проверка пароля UNFilterApp.exe - ОК
02.10.2018 11:54:36 - Соединение с svc_Dict.exe устанавливается
02.10.2018 11:54:36 - Соединение с svc_Dict.exe - ОК
02.10.2018 11:54:36 - Соединение с UNFilterApp.exe устанавливается
02.10.2018 11:54:37 - Соединение с UNFilterApp.exe - ОК
02.10.2018 11:54:37 - Уставновка имени СУБД - ACS_MBase
02.10.2018 11:54:37 - Уставновка имени СУБД - ОК
02.10.2018 11:54:37 - Проверка пароля svc_Dict.exe
02.10.2018 11:54:37 - Проверка пароля svc_Dict.exe - ОК
02.10.2018 11:54:37 - Проверка пароля UNFilterApp.exe
02.10.2018 11:54:37 - Проверка пароля UNFilterApp.exe - ОК
02.10.2018 12:00:22 - Соединение с svc_Dict.exe устанавливается
02.10.2018 12:00:22 - Соединение с svc_Dict.exe - ОК
02.10.2018 12:00:22 - Соединение с UNFilterApp.exe устанавливается
02.10.2018 12:00:22 - Соединение с UNFilterApp.exe - ОК
02.10.2018 12:00:22 - Уставновка имени СУБД - ACS_MBase
02.10.2018 12:00:22 - Уставновка имени СУБД - ОК
02.10.2018 12:00:22 - Проверка пароля svc_Dict.exe
02.10.2018 12:00:22 - Проверка пароля svc_Dict.exe - ОК
02.10.2018 12:00:22 - Проверка пароля UNFilterApp.exe
02.10.2018 12:00:23 - Проверка пароля UNFilterApp.exe - ОК
02.10.2018 12:00:23 - Чтение ФИО сотрудника
02.10.2018 12:00:23 - Чтение ФИО сотрудника - ОК
