17.11.2006 15:55:47 - Обновление справочников по себестоимости 3/3 - ответ получен
17.11.2006 15:55:47 - Обновление справочников по себестоимости 3/3 - Отправлен запрос на получение данных...
17.11.2006 15:55:47 - Обновление справочников по себестоимости 3/3 - Получен ответ
17.11.2006 15:55:47 - Обновление справочников по себестоимости 3/3 - Обновление данных начато
17.11.2006 15:55:47 - Обновление справочников по себестоимости 3/3 - обновление завершено
17.11.2006 15:55:47 - Обновление себестоимостей - операция начата
17.11.2006 15:55:48 - Обновление себестоимостей - передача данных завершена
17.11.2006 15:55:48 - Обновление себестоимостей - запрос времени обновления
17.11.2006 15:55:48 - Обновление себестоимостей - ответ получен
17.11.2006 15:55:48 - Обновление себестоимостей - Отправлен запрос на получение данных...
17.11.2006 15:55:48 - Обновление себестоимостей - Получен ответ
17.11.2006 15:55:48 - Обновление себестоимостей - Обновление данных начато
17.11.2006 15:55:48 - Обновление себестоимостей - обновление завершено
17.11.2006 15:55:48 - Обновление себестоимостей - факт - операция начата
17.11.2006 15:55:48 - Обновление себестоимостей - факт - передача данных завершена
17.11.2006 15:55:48 - Обновление себестоимостей - факт - обновление завершено
17.11.2006 15:55:48 -  Обновление параметров - операция начата
17.11.2006 15:55:48 -  Обновление параметров - запрос времени обновления
17.11.2006 15:55:48 -  Обновление параметров - ответ получен
17.11.2006 15:55:48 -  Обновление параметров - Отправлен запрос на получение данных...
17.11.2006 15:55:48 -  Обновление параметров - Получен ответ
17.11.2006 15:55:48 -  Обновление параметров - Обновление данных начато
17.11.2006 15:55:50 -  Обновление параметров - обновлено записей 30
17.11.2006 15:55:50 -  Обновление параметров - обновление завершено
17.11.2006 15:55:50 -  Обновление функциональных распределений - операция начата
17.11.2006 15:55:50 -  Обновление функциональных распределений - запрос времени обновления
17.11.2006 15:55:50 -  Обновление функциональных распределений - ответ получен
17.11.2006 15:55:50 -  Обновление функциональных распределений - Отправлен запрос на получение данных...
17.11.2006 15:55:50 -  Обновление функциональных распределений - Получен ответ
17.11.2006 15:55:50 -  Обновление функциональных распределений - Обновление данных начато
17.11.2006 15:55:50 -  Обновление функциональных распределений - обновлено записей 10
17.11.2006 15:55:50 -  Обновление функциональных распределений - обновление завершено
17.11.2006 15:55:50 -  Обновление формальных распределений - операция начата
17.11.2006 15:55:50 -  Обновление формальных распределений - запрос времени обновления
17.11.2006 15:55:50 -  Обновление формальных распределений - ответ получен
17.11.2006 15:55:50 -  Обновление формальных распределений - Отправлен запрос на получение данных...
17.11.2006 15:55:50 -  Обновление формальных распределений - Получен ответ
17.11.2006 15:55:50 -  Обновление формальных распределений - Обновление данных начато
17.11.2006 15:55:50 -  Обновление формальных распределений - обновлено записей 41
17.11.2006 15:55:50 -  Обновление формальных распределений - обновление завершено
17.11.2006 15:55:50 -  Обновление представителей - операция начата
17.11.2006 15:55:50 -  Обновление представителей - передача данных завершена
17.11.2006 15:55:50 -  Обновление представителей - запрос времени обновления
17.11.2006 15:55:50 -  Обновление представителей - ответ получен
17.11.2006 15:55:50 -  Обновление представителей - Отправлен запрос на получение данных...
17.11.2006 15:55:51 -  Обновление представителей - Получен ответ
17.11.2006 15:55:51 -  Обновление представителей - Обновление данных начато
17.11.2006 15:55:52 -  Обновление представителей - обновлено записей 520
17.11.2006 15:55:52 -  Обновление представителей - обновление завершено
17.11.2006 15:55:52 -  Обновление счетов - операция начата
17.11.2006 15:55:52 -  Обновление счетов - передача данных завершена
17.11.2006 15:55:52 -  Обновление счетов - запрос времени обновления
17.11.2006 15:55:52 -  Обновление счетов - ответ получен
17.11.2006 15:55:52 -  Обновление счетов - Отправлен запрос на получение данных...
17.11.2006 15:55:52 -  Обновление счетов - Получен ответ
17.11.2006 15:55:52 -  Обновление счетов - Обновление данных начато
17.11.2006 15:55:52 -  Обновление счетов - обновлено записей 13
17.11.2006 15:55:52 -  Обновление счетов - обновление завершено
17.11.2006 15:55:52 -  Обновление производств - операция начата
17.11.2006 15:55:52 -  Обновление производств - передача данных завершена
17.11.2006 15:55:52 -  Обновление производств - запрос времени обновления
17.11.2006 15:55:52 -  Обновление производств - ответ получен
17.11.2006 15:55:52 -  Обновление производств - Отправлен запрос на получение данных...
17.11.2006 15:55:52 -  Обновление производств - Получен ответ
17.11.2006 15:55:52 -  Обновление производств - Обновление данных начато
17.11.2006 15:55:52 -  Обновление производств - обновление завершено
17.11.2006 15:55:52 -  Обновление единиц измерения - операция начата
17.11.2006 15:55:53 -  Обновление единиц измерения - передача данных завершена
17.11.2006 15:55:53 -  Обновление единиц измерения - запрос времени обновления
17.11.2006 15:55:53 -  Обновление единиц измерения - ответ получен
17.11.2006 15:55:53 -  Обновление единиц измерения - Отправлен запрос на получение данных...
17.11.2006 15:55:53 -  Обновление единиц измерения - Получен ответ
17.11.2006 15:55:53 -  Обновление единиц измерения - Обновление данных начато
17.11.2006 15:55:53 -  Обновление единиц измерения - обновлено записей 10
17.11.2006 15:55:53 -  Обновление единиц измерения - обновление завершено
17.11.2006 15:55:53 -  Обновление складов - операция начата
17.11.2006 15:55:53 -  Обновление складов - передача данных завершена
17.11.2006 15:55:53 -  Обновление складов - запрос времени обновления
17.11.2006 15:55:53 -  Обновление складов - ответ получен
17.11.2006 15:55:53 -  Обновление складов - Отправлен запрос на получение данных...
17.11.2006 15:55:53 -  Обновление складов - Получен ответ
17.11.2006 15:55:53 -  Обновление складов - Обновление данных начато
17.11.2006 15:55:53 -  Обновление складов - обновлено записей 4
17.11.2006 15:55:53 -  Обновление складов - обновление завершено
17.11.2006 15:55:53 -  Обновление категорий товаров - операция начата
17.11.2006 15:55:53 -  Обновление категорий товаров - передача данных завершена
17.11.2006 15:55:53 -  Обновление категорий товаров - запрос времени обновления
17.11.2006 15:55:53 -  Обновление категорий товаров - ответ получен
17.11.2006 15:55:53 -  Обновление категорий товаров - Отправлен запрос на получение данных...
17.11.2006 15:55:53 -  Обновление категорий товаров - Получен ответ
17.11.2006 15:55:53 -  Обновление категорий товаров - Обновление данных начато
17.11.2006 15:55:53 -  Обновление категорий товаров - обновлено записей 64
17.11.2006 15:55:53 -  Обновление категорий товаров - обновление завершено
17.11.2006 15:55:53 -  Обновление товаров - операция начата
17.11.2006 15:55:54 -  Обновление товаров - передача данных завершена
17.11.2006 15:55:54 -  Обновление товаров - запрос времени обновления
17.11.2006 15:55:54 -  Обновление товаров - ответ получен
17.11.2006 15:55:54 -  Обновление товаров - Отправлен запрос на получение данных...
17.11.2006 15:55:55 -  Обновление товаров - Получен ответ
17.11.2006 15:55:55 -  Обновление товаров - Обновление данных начато
